
Copyright (C) 1994-2021 Synopsys, Inc.
This Synopsys software and all associated documentation are proprietary to Synopsys, Inc.
and may only be used pursuant to the terms and conditions of a written license agreement
with Synopsys, Inc. All other use, reproduction, modification, or distribution of the
Synopsys software or the associated documentation is strictly prohibited.
Tool: HAPS (R) ProtoCompiler 100
Build: R-2020.12-SP1-1
Install: /usr/cadtool/csr5306/synopsys/protocomp/R-2020.12-SP1-1
OS: CentOS Linux 7 (Core)
Hostname: ws28
max virtual memory: unlimited (bytes)
max user processes: 4096
max stack size: 10485760 (bytes)


Database state : /home/course/csr530606/Adder/|pp0
Synopsys ProtoCompiler Partitioner/Router, Version map202012pcp4, Build 193R, Built Apr  8 2022 21:27:09, @4216327


@N: AP152 |(Real Time elapsed 0h:00m:05s; CPU Time elapsed 0h:00m:05s)
Timing graph for view full_3
   Nodes 5 (Constrained: 0), Edges 6, Dissolve Edges 24
   Build Time 0.00186595
Timing graph for view adder_four_bit
   Nodes 19 (Constrained: 0), Edges 10, Dissolve Edges 10
   Build Time 0.000240904
@N: MF848 |Writing compressed timing models.
@N: AP152 |(Real Time elapsed 0h:00m:05s; CPU Time elapsed 0h:00m:05s)
Complete
